<?xml version="1.0" encoding="UTF-8"?>
<!-- Generated by org.testng.reporters.JUnitXMLReporter -->
<testsuite ignored="0" hostname="HEERA" failures="0" tests="3" name="Test" time="0.102" errors="0" timestamp="2022-05-30T15:07:51 IST">
  <testcase classname="com.sample.classes.SamplePrgm1" name="samplePrgm1" time="0.015"/>
  <testcase classname="com.sample.classes.SamplePrgm2" name="samplePrgm2" time="0.001"/>
  <testcase classname="com.sample.classes.SamplePrgm3" name="samplePrgm3" time="0.002"/>
</testsuite> <!-- Test -->
