<?xml version="1.0" encoding="UTF-8"?>
<testng-results ignored="0" total="1" passed="1" failed="0" skipped="0">
  <reporter-output>
  </reporter-output>
  <suite started-at="2022-05-31T14:48:38 IST" name="Default suite" finished-at="2022-05-31T14:48:39 IST" duration-ms="71">
    <groups>
    </groups>
    <test started-at="2022-05-31T14:48:38 IST" name="Default test" finished-at="2022-05-31T14:48:39 IST" duration-ms="71">
      <class name="com.sample.classes.SamplePrgm3Test">
        <test-method signature="samplePrgm3Test()[pri:0, instance:com.sample.classes.SamplePrgm3Test@1eb5174b]" started-at="2022-05-31T14:48:39 IST" name="samplePrgm3Test" finished-at="2022-05-31T14:48:39 IST" duration-ms="21" status="PASS">
          <reporter-output>
          </reporter-output>
        </test-method> <!-- samplePrgm3Test -->
      </class> <!-- com.sample.classes.SamplePrgm3Test -->
    </test> <!-- Default test -->
  </suite> <!-- Default suite -->
</testng-results>
