<?xml version="1.0" encoding="UTF-8"?>
<testng-results ignored="0" total="3" passed="3" failed="0" skipped="0">
  <reporter-output>
  </reporter-output>
  <suite started-at="2022-05-30T15:07:51 IST" name="Suite" finished-at="2022-05-30T15:07:51 IST" duration-ms="102">
    <groups>
    </groups>
    <test started-at="2022-05-30T15:07:51 IST" name="Test" finished-at="2022-05-30T15:07:51 IST" duration-ms="102">
      <class name="com.sample.classes.SamplePrgm2">
        <test-method signature="samplePrgm2()[pri:0, instance:com.sample.classes.SamplePrgm2@27ff5d15]" started-at="2022-05-30T15:07:51 IST" name="samplePrgm2" finished-at="2022-05-30T15:07:51 IST" duration-ms="1" status="PASS">
          <reporter-output>
          </reporter-output>
        </test-method> <!-- samplePrgm2 -->
      </class> <!-- com.sample.classes.SamplePrgm2 -->
      <class name="com.sample.classes.SamplePrgm1">
        <test-method signature="samplePrgm1()[pri:0, instance:com.sample.classes.SamplePrgm1@69e1dd28]" started-at="2022-05-30T15:07:51 IST" name="samplePrgm1" finished-at="2022-05-30T15:07:51 IST" duration-ms="15" status="PASS">
          <reporter-output>
          </reporter-output>
        </test-method> <!-- samplePrgm1 -->
      </class> <!-- com.sample.classes.SamplePrgm1 -->
      <class name="com.sample.classes.SamplePrgm3">
        <test-method signature="samplePrgm3()[pri:0, instance:com.sample.classes.SamplePrgm3@4e096385]" started-at="2022-05-30T15:07:51 IST" name="samplePrgm3" finished-at="2022-05-30T15:07:51 IST" duration-ms="2" status="PASS">
          <reporter-output>
          </reporter-output>
        </test-method> <!-- samplePrgm3 -->
      </class> <!-- com.sample.classes.SamplePrgm3 -->
    </test> <!-- Test -->
  </suite> <!-- Suite -->
</testng-results>
